
Clover Installer r5119 (0f5da727e) (installer library v1.1.5), 2020-06-20 06:11:58
macOS Version 10.15.4 (Build 19E287)
SELF = /Applications/Clover.app/Contents/MacOS/CloverDaemonNew
Backup made at:
/Users/zoujyjs/Desktop/CloverBackUp/INTEL SSDPEKKW512G8 Media/r5115_2020-06-20_06-11-53/EFI.
Target volume: /Volumes/EFI
BSD Name:      disk1s1
Filesystem:    FAT32
Is internal:   true
Is writable:   true
Installation type: UEFI

/dev/disk0 (internal, physical):
   #:                       TYPE NAME                    SIZE       IDENTIFIER
   0:      GUID_partition_scheme                        *256.1 GB   disk0
   1:         Microsoft Reserved                         16.8 MB    disk0s1
   2:       Microsoft Basic Data                         255.4 GB   disk0s2
   3:           Windows Recovery                         596.6 MB   disk0s3

/dev/disk1 (internal, physical):
   #:                       TYPE NAME                    SIZE       IDENTIFIER
   0:      GUID_partition_scheme                        *512.1 GB   disk1
   1:                        EFI EFI                     209.7 MB   disk1s1
   2:                 Apple_APFS Container disk2         511.9 GB   disk1s2

/dev/disk2 (synthesized):
   #:                       TYPE NAME                    SIZE       IDENTIFIER
   0:      APFS Container Scheme -                      +511.9 GB   disk2
                                 Physical Store disk1s2
   1:                APFS Volume Mojave - Data           265.7 GB   disk2s1
   2:                APFS Volume Preboot                 81.4 MB    disk2s2
   3:                APFS Volume Recovery                528.1 MB   disk2s3
   4:                APFS Volume VM                      1.1 MB     disk2s4
   5:                APFS Volume Catalina                11.1 GB    disk2s5

/dev/disk3 (internal, physical):
   #:                       TYPE NAME                    SIZE       IDENTIFIER
   0:      GUID_partition_scheme                        *1.0 TB     disk3
   1:                        EFI EFI                     209.7 MB   disk3s1
   2:                  Apple_HFS Bak                     999.9 GB   disk3s2

/dev/disk4 (internal, physical):
   #:                       TYPE NAME                    SIZE       IDENTIFIER
   0:      GUID_partition_scheme                        *500.1 GB   disk4
   1:                        EFI EFI                     209.7 MB   disk4s1
   2:                  Apple_HFS Data                    499.8 GB   disk4s2

/dev/disk5 (internal, physical):
   #:                       TYPE NAME                    SIZE       IDENTIFIER
   0:      GUID_partition_scheme                        *2.0 TB     disk5
   1:         Microsoft Reserved                         16.8 MB    disk5s1
   2:       Microsoft Basic Data WinData                 2.0 TB     disk5s2




Installing/Updating Clover:
+ ../BOOT/BOOTX64.efi
+ ../CLOVER/CLOVERX64.efi

Installing/Updating drivers:
+ ../UEFI/AudioDxe.efi
+ ../UEFI/DataHubDxe.efi
+ ../UEFI/FSInject.efi
+ ../UEFI/SMCHelper.efi
+ ../UEFI/ApfsDriverLoader.efi
+ ../UEFI/VBoxHfs.efi
+ ../UEFI/AppleImageCodec.efi
+ ../UEFI/AppleKeyAggregator.efi
+ ../UEFI/AppleUITheme.efi
+ ../UEFI/FirmwareVolume.efi
+ ../UEFI/OsxAptioFix3Drv.efi
+ ../UEFI/EmuVariableUefi.efi
+ ../UEFI/OsxFatBinaryDrv.efi

Installing/Updating tools:
+ ../tools/Shell64.efi
+ ../tools/bdmesg.efi
+ ../tools/Shell64U.efi
+ ../tools/Shell32.efi

Installing/Updating docs:
+ ../doc/UEFI boot with Clover.rtf
+ ../doc/boot1f32-install.sh
+ ../doc/HowToInstallOSX.txt
+ ../doc/HowToFixDsdt.txt
+ ../doc/bcfg.txt